<?xml version="1.0" encoding="UTF-8" ?>
<testsuite errors="0" failures="0" hostname="Atindriyos-MacBook-Pro.local" name="org.openstreetmap.osmosis.core.mysql.common.TileCalculatorTest" tests="1" time="0.0090" timestamp="2012-11-30T13:06:28">
  <properties>
    <property name="dependency.version.commons-codec" value="1.4" />
    <property name="file.encoding.pkg" value="sun.io" />
    <property name="ivy.retrieve.pattern.ivy.instance" value="/Users/atin/Dropbox/Navigation/osmosis/trunk.orig/core/lib/[artifact]-[revision](-[classifier]).[ext]" />
    <property name="java.vendor.url.ivy.instance" value="http://www.apple.com/" />
    <property name="ivy.local.default.ivy.pattern.ivy.instance" value="[organisation]/[module]/[revision]/[type]s/[artifact].[ext]" />
    <property name="ivy.project.dir.ivy.instance" value="/Users/atin/Dropbox/Navigation/osmosis/trunk.orig/core" />
    <property name="ivy.resolve.default.type.filter" value="*" />
    <property name="java.home" value="/System/Library/Java/JavaVirtualMachines/1.6.0.jdk/Contents/Home" />
    <property name="ivy.configurations.ivy.instance" value="*" />
    <property name="dependency.version.classworlds" value="2.2.2" />
    <property name="ivy.basedir.ivy.instance" value="/Users/atin/Dropbox/Navigation/osmosis/trunk.orig/core" />
    <property name="ivy.dep.file.ivy.instance" value="ivy.xml" />
    <property name="java.endorsed.dirs" value="/System/Library/Java/JavaVirtualMachines/1.6.0.jdk/Contents/Home/lib/endorsed" />
    <property name="java.class.path.ivy.instance" value="/Users/atin/Documents/eclipse/plugins/org.apache.ant_1.8.2.v20110505-1300/lib/ant-antlr.jar:/Users/atin/Documents/eclipse/plugins/org.apache.ant_1.8.2.v20110505-1300/lib/ant-apache-bcel.jar:/Users/atin/Documents/eclipse/plugins/org.apache.ant_1.8.2.v20110505-1300/lib/ant-apache-bsf.jar:/Users/atin/Documents/eclipse/plugins/org.apache.ant_1.8.2.v20110505-1300/lib/ant-apache-log4j.jar:/Users/atin/Documents/eclipse/plugins/org.apache.ant_1.8.2.v20110505-1300/lib/ant-apache-oro.jar:/Users/atin/Documents/eclipse/plugins/org.apache.ant_1.8.2.v20110505-1300/lib/ant-apache-regexp.jar:/Users/atin/Documents/eclipse/plugins/org.apache.ant_1.8.2.v20110505-1300/lib/ant-apache-resolver.jar:/Users/atin/Documents/eclipse/plugins/org.apache.ant_1.8.2.v20110505-1300/lib/ant-apache-xalan2.jar:/Users/atin/Documents/eclipse/plugins/org.apache.ant_1.8.2.v20110505-1300/lib/ant-commons-logging.jar:/Users/atin/Documents/eclipse/plugins/org.apache.ant_1.8.2.v20110505-1300/lib/ant-commons-net.jar:/Users/atin/Documents/eclipse/plugins/org.apache.ant_1.8.2.v20110505-1300/lib/ant-jai.jar:/Users/atin/Documents/eclipse/plugins/org.apache.ant_1.8.2.v20110505-1300/lib/ant-javamail.jar:/Users/atin/Documents/eclipse/plugins/org.apache.ant_1.8.2.v20110505-1300/lib/ant-jdepend.jar:/Users/atin/Documents/eclipse/plugins/org.apache.ant_1.8.2.v20110505-1300/lib/ant-jmf.jar:/Users/atin/Documents/eclipse/plugins/org.apache.ant_1.8.2.v20110505-1300/lib/ant-jsch.jar:/Users/atin/Documents/eclipse/plugins/org.apache.ant_1.8.2.v20110505-1300/lib/ant-junit.jar:/Users/atin/Documents/eclipse/plugins/org.apache.ant_1.8.2.v20110505-1300/lib/ant-junit4.jar:/Users/atin/Documents/eclipse/plugins/org.apache.ant_1.8.2.v20110505-1300/lib/ant-launcher.jar:/Users/atin/Documents/eclipse/plugins/org.apache.ant_1.8.2.v20110505-1300/lib/ant-netrexx.jar:/Users/atin/Documents/eclipse/plugins/org.apache.ant_1.8.2.v20110505-1300/lib/ant-swing.jar:/Users/atin/Documents/eclipse/plugins/org.apache.ant_1.8.2.v20110505-1300/lib/ant-testutil.jar:/Users/atin/Documents/eclipse/plugins/org.apache.ant_1.8.2.v20110505-1300/lib/ant.jar:/Users/atin/Documents/eclipse/configuration/org.eclipse.osgi/bundles/38/1/.cp/lib/antdebug.jar:/Users/atin/Documents/eclipse/configuration/org.eclipse.osgi/bundles/38/1/.cp/lib/remote.jar:/Users/atin/Documents/eclipse/configuration/org.eclipse.osgi/bundles/39/1/.cp/lib/remoteAnt.jar:/Users/atin/Documents/eclipse/plugins/org.eclipse.swt.cocoa.macosx.x86_64_3.7.1.v3738a.jar" />
    <property name="ivy.home" value="/Users/atin/.ivy2" />
    <property name="dependency.version.spring" value="3.0.3.RELEASE" />
    <property name="ftp.nonProxyHosts.ivy.instance" value="local|*.local|169.254/16|*.169.254/16" />
    <property name="java.vm.specification.vendor.ivy.instance" value="Sun Microsystems Inc." />
    <property name="sun.os.patch.level" value="unknown" />
    <property name="ivy.dep.file" value="ivy.xml" />
    <property name="java.vendor.url" value="http://www.apple.com/" />
    <property name="ivy.local.default.artifact.pattern.ivy.instance" value="[organisation]/[module]/[revision]/[type]s/[artifact].[ext]" />
    <property name="ivy.lib.dir.ivy.instance" value="/Users/atin/Dropbox/Navigation/osmosis/trunk.orig/core/lib" />
    <property name="java.version" value="1.6.0_26" />
    <property name="ivy.conf.dir.ivy.instance" value="jar:file:/Users/atin/Dropbox/Navigation/osmosis/trunk.orig/build-support/ivy/ivy-2.1.0.jar!/org/apache/ivy/core/settings" />
    <property name="sun.boot.library.path.ivy.instance" value="/System/Library/Java/JavaVirtualMachines/1.6.0.jdk/Contents/Libraries" />
    <property name="ivy.report.output.pattern.ivy.instance" value="[organisation]-[module]-[conf].[ext]" />
    <property name="ivy.module" value="osmosis-core" />
    <property name="ivy.publish.src.artifacts.pattern.ivy.instance" value="/Users/atin/Dropbox/Navigation/osmosis/trunk.orig/core/distrib/[type]s/[artifact]-[revision](-[classifier]).[ext]" />
    <property name="java.vendor.url.bug" value="http://bugreport.apple.com/" />
    <property name="dependency.version.xerces" value="2.9.1" />
    <property name="sun.management.compiler.ivy.instance" value="HotSpot 64-Bit Tiered Compilers" />
    <property name="ant.project.invoked-targets" value="all" />
    <property name="dependency.version.postgis" value="1.3.3" />
    <property name="ivy.local.default.artifact.pattern" value="[organisation]/[module]/[revision]/[type]s/[artifact].[ext]" />
    <property name="os.name.ivy.instance" value="Mac OS X" />
    <property name="ivy.default.ivy.user.dir.ivy.instance" value="/Users/atin/.ivy2" />
    <property name="ivy.default.always.check.exact.revision" value="false" />
    <property name="ant.file.Osmosis.Build.Java" value="/Users/atin/Dropbox/Navigation/osmosis/trunk.orig/build-support/script/build-java.xml" />
    <property name="ivy.default.settings.dir.ivy.instance" value="jar:file:/Users/atin/Dropbox/Navigation/osmosis/trunk.orig/build-support/ivy/ivy-2.1.0.jar!/org/apache/ivy/core/settings" />
    <property name="user.name" value="atin" />
    <property name="sun.io.unicode.encoding" value="UnicodeLittle" />
    <property name="ivy.shared.default.root.ivy.instance" value="/Users/atin/.ivy2/shared" />
    <property name="sun.jnu.encoding" value="MacRoman" />
    <property name="java.runtime.name" value="Java(TM) SE Runtime Environment" />
    <property name="ant.home.ivy.instance" value="/Users/atin/Documents/eclipse/plugins/org.apache.ant_1.8.2.v20110505-1300" />
    <property name="file.encoding.ivy.instance" value="MacRoman" />
    <property name="ivy.cache.ttl.default.ivy.instance" value="10s" />
    <property name="java.specification.vendor.ivy.instance" value="Sun Microsystems Inc." />
    <property name="java.vendor.ivy.instance" value="Apple Inc." />
    <property name="sun.cpu.isalist.ivy.instance" value="" />
    <property name="project.version" value="SNAPSHOT-r28826M" />
    <property name="java.specification.name" value="Java Platform API Specification" />
    <property name="ftp.nonProxyHosts" value="local|*.local|169.254/16|*.169.254/16" />
    <property name="user.timezone" value="" />
    <property name="db.apidb.authfile" value="/Users/atin/Dropbox/Navigation/osmosis/trunk.orig/core/test/data/input/v0_6/apidb-authfile.txt" />
    <property name="java.endorsed.dirs.ivy.instance" value="/System/Library/Java/JavaVirtualMachines/1.6.0.jdk/Contents/Home/lib/endorsed" />
    <property name="path.separator" value=":" />
    <property name="java.class.version.ivy.instance" value="50.0" />
    <property name="ivy.default.conf.dir" value="jar:file:/Users/atin/Dropbox/Navigation/osmosis/trunk.orig/build-support/ivy/ivy-2.1.0.jar!/org/apache/ivy/core/settings" />
    <property name="project.name" value="osmosis-core" />
    <property name="file.encoding" value="MacRoman" />
    <property name="java.runtime.name.ivy.instance" value="Java(TM) SE Runtime Environment" />
    <property name="ivy.resolve.default.type.filter.ivy.instance" value="*" />
    <property name="ant.project.default-target" value="all" />
    <property name="ivy.targets.copied" value="false" />
    <property name="dependency.version.commons-compress" value="1.0" />
    <property name="sun.java.command" value="org.eclipse.ant.internal.launching.remote.InternalAntRunner -Dorg.eclipse.ant.core.ANT_PROCESS_ID=1354280782870 -Declipse.connect.port=60422 -Dant.home=/Users/atin/Documents/eclipse/plugins/org.apache.ant_1.8.2.v20110505-1300 -logger org.eclipse.ant.internal.launching.remote.logger.RemoteAntBuildLogger -inputhandler org.eclipse.ant.internal.ui.antsupport.inputhandler.ProxyInputHandler -buildfile /Users/atin/Dropbox/Navigation/osmosis/trunk.orig/core/build.xml" />
    <property name="socksNonProxyHosts" value="local|*.local|169.254/16|*.169.254/16" />
    <property name="ivy.shared.default.artifact.pattern" value="[organisation]/[module]/[revision]/[type]s/[artifact].[ext]" />
    <property name="ant.file" value="/Users/atin/Dropbox/Navigation/osmosis/trunk.orig/core/build.xml" />
    <property name="ivy.distrib.dir.ivy.instance" value="/Users/atin/Dropbox/Navigation/osmosis/trunk.orig/core/distrib" />
    <property name="ivy.checksums.ivy.instance" value="sha1,md5" />
    <property name="sun.arch.data.model.ivy.instance" value="64" />
    <property name="ivy.build.artifacts.dir.ivy.instance" value="/Users/atin/Dropbox/Navigation/osmosis/trunk.orig/core/build/artifacts" />
    <property name="ant.file.type.Osmosis.Build.Java" value="file" />
    <property name="dependency.version.commons-dbcp" value="1.4" />
    <property name="ivy.settings.file" value="ivysettings.xml" />
    <property name="java.io.tmpdir" value="/var/folders/7y/nqjrykjj35g_scb9q2_jjmjh0000gn/T/" />
    <property name="ivy.buildlist.ivyfilepath.ivy.instance" value="ivy.xml" />
    <property name="TODAY" value="November 30 2012" />
    <property name="ivy.cache.ttl.default" value="10s" />
    <property name="user.language" value="en" />
    <property name="awt.nativeDoubleBuffering.ivy.instance" value="true" />
    <property name="user.dir.ivy.instance" value="/Users/atin/Dropbox/navigation/osmosis/trunk.orig/core" />
    <property name="ivy.home.ivy.instance" value="/Users/atin/.ivy2" />
    <property name="checkout.svn" value="true" />
    <property name="line.separator" value="&#xa;" />
    <property name="java.specification.version.ivy.instance" value="1.6" />
    <property name="ivy.public.configurations" value="default, master, compile, provided, runtime, system, sources, javadoc, optional, distribution" />
    <property name="ant.file.Osmosis.Build.Init" value="/Users/atin/Dropbox/Navigation/osmosis/trunk.orig/build-support/script/build-init.xml" />
    <property name="ivy.build.artifacts.dir" value="/Users/atin/Dropbox/Navigation/osmosis/trunk.orig/core/build/artifacts" />
    <property name="build-common.properties" value="/Users/atin/Dropbox/Navigation/osmosis/trunk.orig/build-support/config/ant-build-common.properties" />
    <property name="mrj.version.ivy.instance" value="1070.1.6.0_26-383" />
    <property name="sun.io.unicode.encoding.ivy.instance" value="UnicodeLittle" />
    <property name="ivy.status" value="integration" />
    <property name="ivy.available" value="true" />
    <property name="java.vm.info" value="mixed mode" />
    <property name="ivy.lib.dir" value="/Users/atin/Dropbox/Navigation/osmosis/trunk.orig/core/lib" />
    <property name="java.vm.specification.name" value="Java Virtual Machine Specification" />
    <property name="ivy.default.conf.dir.ivy.instance" value="jar:file:/Users/atin/Dropbox/Navigation/osmosis/trunk.orig/build-support/ivy/ivy-2.1.0.jar!/org/apache/ivy/core/settings" />
    <property name="dependency.version.woodstox-stax2" value="3.0.2" />
    <property name="java.vm.version.ivy.instance" value="20.1-b02-383" />
    <property name="http.nonProxyHosts" value="local|*.local|169.254/16|*.169.254/16" />
    <property name="user.name.ivy.instance" value="atin" />
    <property name="ant.file.type.Osmosis.Core" value="file" />
    <property name="ivy.cache.dir" value="/Users/atin/.ivy2/cache" />
    <property name="java.awt.printerjob" value="apple.awt.CPrinterJob" />
    <property name="java.io.tmpdir.ivy.instance" value="/var/folders/7y/nqjrykjj35g_scb9q2_jjmjh0000gn/T/" />
    <property name="ant.version" value="Apache Ant(TM) version 1.8.2 compiled on December 20 2010" />
    <property name="ant.file.type.Osmosis.Build.Init" value="file" />
    <property name="java.home.ivy.instance" value="/System/Library/Java/JavaVirtualMachines/1.6.0.jdk/Contents/Home" />
    <property name="java.vm.vendor.ivy.instance" value="Apple Inc." />
    <property name="ant.file.Osmosis.Build.Ivy.Base" value="/Users/atin/Dropbox/Navigation/osmosis/trunk.orig/build-support/script/build-ivy-base.xml" />
    <property name="dependency.version.mysql" value="5.1.10" />
    <property name="dependency.version.checkstyle" value="5.3" />
    <property name="gopherProxySet" value="false" />
    <property name="ivy.default.settings.dir" value="jar:file:/Users/atin/Dropbox/Navigation/osmosis/trunk.orig/build-support/ivy/ivy-2.1.0.jar!/org/apache/ivy/core/settings" />
    <property name="ivy.configurations" value="default, master, compile, provided, runtime, test, system, sources, javadoc, optional, distribution" />
    <property name="ivy.settings.url" value="jar:file:/Users/atin/Dropbox/Navigation/osmosis/trunk.orig/build-support/ivy/ivy-2.1.0.jar!/org/apache/ivy/core/settings/ivysettings.xml" />
    <property name="os.name" value="Mac OS X" />
    <property name="java.specification.vendor" value="Sun Microsystems Inc." />
    <property name="sun.jnu.encoding.ivy.instance" value="MacRoman" />
    <property name="ivy.deliver.ivy.pattern.ivy.instance" value="/Users/atin/Dropbox/Navigation/osmosis/trunk.orig/core/distrib/[type]s/[artifact]-[revision](-[classifier]).[ext]" />
    <property name="ant.file.type.Osmosis.Build.Ivy" value="file" />
    <property name="mrj.build" value="11A511c" />
    <property name="ivy.checksums" value="sha1,md5" />
    <property name="java.vm.name" value="Java HotSpot(TM) 64-Bit Server VM" />
    <property name="dependency.version.osmpbf" value="1.1.1-754a33af" />
    <property name="http.nonProxyHosts.ivy.instance" value="local|*.local|169.254/16|*.169.254/16" />
    <property name="ivy.jar.file" value="/Users/atin/Dropbox/Navigation/osmosis/trunk.orig/build-support/ivy/ivy-2.1.0.jar" />
    <property name="ivy.log.modules.in.use" value="false" />
    <property name="mrj.version" value="1070.1.6.0_26-383" />
    <property name="java.runtime.version.ivy.instance" value="1.6.0_26-b03-383-11A511c" />
    <property name="ivy.report.output.pattern" value="[organisation]-[module]-[conf].[ext]" />
    <property name="ivy.version" value="2.1.0" />
    <property name="dependency.version.postgresql" value="8.4-701.jdbc4" />
    <property name="java.library.path" value=".:/Users/atin/Library/Java/Extensions:/Library/Java/Extensions:/System/Library/Java/Extensions:/usr/lib/java:/Users/atin/Documents/eclipse/configuration/org.eclipse.osgi/bundles/249/1/.cp" />
    <property name="ivy.conf.url" value="jar:file:/Users/atin/Dropbox/Navigation/osmosis/trunk.orig/build-support/ivy/ivy-2.1.0.jar!/org/apache/ivy/core/settings/ivysettings.xml" />
    <property name="java.vm.name.ivy.instance" value="Java HotSpot(TM) 64-Bit Server VM" />
    <property name="os.version.ivy.instance" value="10.7.2" />
    <property name="line.separator.ivy.instance" value="&#xa;" />
    <property name="ant.java.version" value="1.6" />
    <property name="sun.cpu.endian.ivy.instance" value="little" />
    <property name="basedir" value="/Users/atin/Dropbox/Navigation/osmosis/trunk.orig/core" />
    <property name="java.class.version" value="50.0" />
    <property name="java.vm.specification.name.ivy.instance" value="Java Virtual Machine Specification" />
    <property name="ivy.settings.url.ivy.instance" value="jar:file:/Users/atin/Dropbox/Navigation/osmosis/trunk.orig/build-support/ivy/ivy-2.1.0.jar!/org/apache/ivy/core/settings/ivysettings.xml" />
    <property name="sun.boot.class.path.ivy.instance" value="/System/Library/Java/JavaVirtualMachines/1.6.0.jdk/Contents/Classes/jsfd.jar:/System/Library/Java/JavaVirtualMachines/1.6.0.jdk/Contents/Classes/classes.jar:/System/Library/Frameworks/JavaVM.framework/Frameworks/JavaRuntimeSupport.framework/Resources/Java/JavaRuntimeSupport.jar:/System/Library/Java/JavaVirtualMachines/1.6.0.jdk/Contents/Classes/ui.jar:/System/Library/Java/JavaVirtualMachines/1.6.0.jdk/Contents/Classes/laf.jar:/System/Library/Java/JavaVirtualMachines/1.6.0.jdk/Contents/Classes/sunrsasign.jar:/System/Library/Java/JavaVirtualMachines/1.6.0.jdk/Contents/Classes/jsse.jar:/System/Library/Java/JavaVirtualMachines/1.6.0.jdk/Contents/Classes/jce.jar:/System/Library/Java/JavaVirtualMachines/1.6.0.jdk/Contents/Classes/charsets.jar" />
    <property name="path.separator.ivy.instance" value=":" />
    <property name="ant.home" value="/Users/atin/Documents/eclipse/plugins/org.apache.ant_1.8.2.v20110505-1300" />
    <property name="ivy.resolved.configurations" value="default, master, compile, provided, runtime, test, system, sources, javadoc, optional, distribution" />
    <property name="ivy.deliver.ivy.pattern" value="/Users/atin/Dropbox/Navigation/osmosis/trunk.orig/core/distrib/[type]s/[artifact]-[revision](-[classifier]).[ext]" />
    <property name="sun.boot.library.path" value="/System/Library/Java/JavaVirtualMachines/1.6.0.jdk/Contents/Libraries" />
    <property name="dependency.version.protobuf" value="2.3.0" />
    <property name="ivy.default.always.check.exact.revision.ivy.instance" value="false" />
    <property name="java.library.path.ivy.instance" value=".:/Users/atin/Library/Java/Extensions:/Library/Java/Extensions:/System/Library/Java/Extensions:/usr/lib/java:/Users/atin/Documents/eclipse/configuration/org.eclipse.osgi/bundles/249/1/.cp" />
    <property name="awt.toolkit.ivy.instance" value="apple.awt.CToolkit" />
    <property name="sun.management.compiler" value="HotSpot 64-Bit Tiered Compilers" />
    <property name="dependency.version.junit" value="4.8.1" />
    <property name="ivy.basedir" value="/Users/atin/Dropbox/Navigation/osmosis/trunk.orig/core" />
    <property name="java.awt.graphicsenv" value="apple.awt.CGraphicsEnvironment" />
    <property name="java.ext.dirs.ivy.instance" value="/Users/atin/Library/Java/Extensions:/Library/Java/Extensions:/System/Library/Java/Extensions:/System/Library/Java/JavaVirtualMachines/1.6.0.jdk/Contents/Home/lib/ext" />
    <property name="ivy.log.modules.in.use.ivy.instance" value="false" />
    <property name="sun.os.patch.level.ivy.instance" value="unknown" />
    <property name="file.encoding.pkg.ivy.instance" value="sun.io" />
    <property name="ivy.shared.default.ivy.pattern" value="[organisation]/[module]/[revision]/[type]s/[artifact].[ext]" />
    <property name="ivy.resolver.default.check.modified" value="false" />
    <property name="ivy.settings.file.ivy.instance" value="ivysettings.xml" />
    <property name="ivy.nb.targets.copied" value="0" />
    <property name="ant.project.name" value="Osmosis.Core" />
    <property name="ivy.initialized" value="true" />
    <property name="ivy.cache.dir.ivy.instance" value="/Users/atin/.ivy2/cache" />
    <property name="java.vm.specification.version" value="1.0" />
    <property name="socksNonProxyHosts.ivy.instance" value="local|*.local|169.254/16|*.169.254/16" />
    <property name="ivy.status.ivy.instance" value="integration" />
    <property name="awt.toolkit" value="apple.awt.CToolkit" />
    <property name="svn.version" value="28826M" />
    <property name="sun.cpu.isalist" value="" />
    <property name="file.separator.ivy.instance" value="/" />
    <property name="java.ext.dirs" value="/Users/atin/Library/Java/Extensions:/Library/Java/Extensions:/System/Library/Java/Extensions:/System/Library/Java/JavaVirtualMachines/1.6.0.jdk/Contents/Home/lib/ext" />
    <property name="ivy.local.default.root.ivy.instance" value="/Users/atin/.ivy2/local" />
    <property name="ivy.deps.changed" value="false" />
    <property name="os.version" value="10.7.2" />
    <property name="checkout.basedir" value="/Users/atin/Dropbox/Navigation/osmosis/trunk.orig" />
    <property name="user.home" value="/Users/atin" />
    <property name="sun.java.launcher.ivy.instance" value="SUN_STANDARD" />
    <property name="java.vm.vendor" value="Apple Inc." />
    <property name="build.properties" value="/Users/atin/Dropbox/Navigation/osmosis/trunk.orig/build-support/config/ant-build.properties" />
    <property name="ivy.local.default.root" value="/Users/atin/.ivy2/local" />
    <property name="mrj.build.ivy.instance" value="11A511c" />
    <property name="ivy.organisation" value="org.openstreetmap.osmosis" />
    <property name="user.dir" value="/Users/atin/Dropbox/navigation/osmosis/trunk.orig/core" />
    <property name="ant.library.dir.ivy.instance" value="/Users/atin/Documents/eclipse/plugins/org.apache.ant_1.8.2.v20110505-1300/lib" />
    <property name="ivy.local.default.ivy.pattern" value="[organisation]/[module]/[revision]/[type]s/[artifact].[ext]" />
    <property name="ivy.shared.default.ivy.pattern.ivy.instance" value="[organisation]/[module]/[revision]/[type]s/[artifact].[ext]" />
    <property name="java.vm.info.ivy.instance" value="mixed mode" />
    <property name="ivy.publish.src.artifacts.pattern" value="/Users/atin/Dropbox/Navigation/osmosis/trunk.orig/core/distrib/[type]s/[artifact]-[revision](-[classifier]).[ext]" />
    <property name="sun.java.command.ivy.instance" value="org.eclipse.ant.internal.launching.remote.InternalAntRunner -Dorg.eclipse.ant.core.ANT_PROCESS_ID=1354280782870 -Declipse.connect.port=60422 -Dant.home=/Users/atin/Documents/eclipse/plugins/org.apache.ant_1.8.2.v20110505-1300 -logger org.eclipse.ant.internal.launching.remote.logger.RemoteAntBuildLogger -inputhandler org.eclipse.ant.internal.ui.antsupport.inputhandler.ProxyInputHandler -buildfile /Users/atin/Dropbox/Navigation/osmosis/trunk.orig/core/build.xml" />
    <property name="ivy.distrib.dir" value="/Users/atin/Dropbox/Navigation/osmosis/trunk.orig/core/distrib" />
    <property name="sun.cpu.endian" value="little" />
    <property name="ivy.revision" value="working@Atindriyos-MacBook-Pro.local" />
    <property name="ant.file.Osmosis.Core" value="/Users/atin/Dropbox/Navigation/osmosis/trunk.orig/core/build.xml" />
    <property name="user.timezone.ivy.instance" value="America/Los_Angeles" />
    <property name="java.vm.version" value="20.1-b02-383" />
    <property name="java.class.path" value="/Users/atin/Documents/eclipse/plugins/org.apache.ant_1.8.2.v20110505-1300/lib/ant-antlr.jar:/Users/atin/Documents/eclipse/plugins/org.apache.ant_1.8.2.v20110505-1300/lib/ant-apache-bcel.jar:/Users/atin/Documents/eclipse/plugins/org.apache.ant_1.8.2.v20110505-1300/lib/ant-apache-bsf.jar:/Users/atin/Documents/eclipse/plugins/org.apache.ant_1.8.2.v20110505-1300/lib/ant-apache-log4j.jar:/Users/atin/Documents/eclipse/plugins/org.apache.ant_1.8.2.v20110505-1300/lib/ant-apache-oro.jar:/Users/atin/Documents/eclipse/plugins/org.apache.ant_1.8.2.v20110505-1300/lib/ant-apache-regexp.jar:/Users/atin/Documents/eclipse/plugins/org.apache.ant_1.8.2.v20110505-1300/lib/ant-apache-resolver.jar:/Users/atin/Documents/eclipse/plugins/org.apache.ant_1.8.2.v20110505-1300/lib/ant-apache-xalan2.jar:/Users/atin/Documents/eclipse/plugins/org.apache.ant_1.8.2.v20110505-1300/lib/ant-commons-logging.jar:/Users/atin/Documents/eclipse/plugins/org.apache.ant_1.8.2.v20110505-1300/lib/ant-commons-net.jar:/Users/atin/Documents/eclipse/plugins/org.apache.ant_1.8.2.v20110505-1300/lib/ant-jai.jar:/Users/atin/Documents/eclipse/plugins/org.apache.ant_1.8.2.v20110505-1300/lib/ant-javamail.jar:/Users/atin/Documents/eclipse/plugins/org.apache.ant_1.8.2.v20110505-1300/lib/ant-jdepend.jar:/Users/atin/Documents/eclipse/plugins/org.apache.ant_1.8.2.v20110505-1300/lib/ant-jmf.jar:/Users/atin/Documents/eclipse/plugins/org.apache.ant_1.8.2.v20110505-1300/lib/ant-jsch.jar:/Users/atin/Documents/eclipse/plugins/org.apache.ant_1.8.2.v20110505-1300/lib/ant-junit.jar:/Users/atin/Documents/eclipse/plugins/org.apache.ant_1.8.2.v20110505-1300/lib/ant-junit4.jar:/Users/atin/Documents/eclipse/plugins/org.apache.ant_1.8.2.v20110505-1300/lib/ant-launcher.jar:/Users/atin/Documents/eclipse/plugins/org.apache.ant_1.8.2.v20110505-1300/lib/ant-netrexx.jar:/Users/atin/Documents/eclipse/plugins/org.apache.ant_1.8.2.v20110505-1300/lib/ant-swing.jar:/Users/atin/Documents/eclipse/plugins/org.apache.ant_1.8.2.v20110505-1300/lib/ant-testutil.jar:/Users/atin/Documents/eclipse/plugins/org.apache.ant_1.8.2.v20110505-1300/lib/ant.jar:/Users/atin/Documents/eclipse/configuration/org.eclipse.osgi/bundles/38/1/.cp/lib/antdebug.jar:/Users/atin/Documents/eclipse/configuration/org.eclipse.osgi/bundles/38/1/.cp/lib/remote.jar:/Users/atin/Documents/eclipse/configuration/org.eclipse.osgi/bundles/39/1/.cp/lib/remoteAnt.jar:/Users/atin/Documents/eclipse/plugins/org.eclipse.swt.cocoa.macosx.x86_64_3.7.1.v3738a.jar" />
    <property name="ivy.default.ivy.user.dir" value="/Users/atin/.ivy2" />
    <property name="dependency.version.woodstox-core" value="4.0.3" />
    <property name="DSTAMP" value="20121130" />
    <property name="user.home.ivy.instance" value="/Users/atin" />
    <property name="basedir.ivy.instance" value="/Users/atin/Dropbox/Navigation/osmosis/trunk.orig/core" />
    <property name="ant.library.dir" value="/Users/atin/Documents/eclipse/plugins/org.apache.ant_1.8.2.v20110505-1300/lib" />
    <property name="os.arch" value="x86_64" />
    <property name="build-support.dir" value="/Users/atin/Dropbox/Navigation/osmosis/trunk.orig/build-support" />
    <property name="ivy.jar.dir" value="/Users/atin/Dropbox/Navigation/osmosis/trunk.orig/build-support/ivy" />
    <property name="java.awt.graphicsenv.ivy.instance" value="apple.awt.CGraphicsEnvironment" />
    <property name="java.vendor.url.bug.ivy.instance" value="http://bugreport.apple.com/" />
    <property name="java.vm.specification.version.ivy.instance" value="1.0" />
    <property name="ant.file.Osmosis.Build.Ivy" value="/Users/atin/Dropbox/Navigation/osmosis/trunk.orig/build-support/script/build-ivy.xml" />
    <property name="sun.java.launcher" value="SUN_STANDARD" />
    <property name="java.awt.printerjob.ivy.instance" value="apple.awt.CPrinterJob" />
    <property name="ivy.settings.dir.ivy.instance" value="jar:file:/Users/atin/Dropbox/Navigation/osmosis/trunk.orig/build-support/ivy/ivy-2.1.0.jar!/org/apache/ivy/core/settings" />
    <property name="ant.core.lib" value="/Users/atin/Documents/eclipse/plugins/org.apache.ant_1.8.2.v20110505-1300/lib/ant.jar" />
    <property name="ivy.resolver.default.check.modified.ivy.instance" value="false" />
    <property name="ivy.settings.dir" value="jar:file:/Users/atin/Dropbox/Navigation/osmosis/trunk.orig/build-support/ivy/ivy-2.1.0.jar!/org/apache/ivy/core/settings" />
    <property name="java.vm.specification.vendor" value="Sun Microsystems Inc." />
    <property name="gopherProxySet.ivy.instance" value="false" />
    <property name="TSTAMP" value="0506" />
    <property name="user.language.ivy.instance" value="en" />
    <property name="file.separator" value="/" />
    <property name="ivy.shared.default.artifact.pattern.ivy.instance" value="[organisation]/[module]/[revision]/[type]s/[artifact].[ext]" />
    <property name="user.country.ivy.instance" value="US" />
    <property name="ivy.conf.url.ivy.instance" value="jar:file:/Users/atin/Dropbox/Navigation/osmosis/trunk.orig/build-support/ivy/ivy-2.1.0.jar!/org/apache/ivy/core/settings/ivysettings.xml" />
    <property name="java.runtime.version" value="1.6.0_26-b03-383-11A511c" />
    <property name="java.specification.name.ivy.instance" value="Java Platform API Specification" />
    <property name="sun.boot.class.path" value="/System/Library/Java/JavaVirtualMachines/1.6.0.jdk/Contents/Classes/jsfd.jar:/System/Library/Java/JavaVirtualMachines/1.6.0.jdk/Contents/Classes/classes.jar:/System/Library/Frameworks/JavaVM.framework/Frameworks/JavaRuntimeSupport.framework/Resources/Java/JavaRuntimeSupport.jar:/System/Library/Java/JavaVirtualMachines/1.6.0.jdk/Contents/Classes/ui.jar:/System/Library/Java/JavaVirtualMachines/1.6.0.jdk/Contents/Classes/laf.jar:/System/Library/Java/JavaVirtualMachines/1.6.0.jdk/Contents/Classes/sunrsasign.jar:/System/Library/Java/JavaVirtualMachines/1.6.0.jdk/Contents/Classes/jsse.jar:/System/Library/Java/JavaVirtualMachines/1.6.0.jdk/Contents/Classes/jce.jar:/System/Library/Java/JavaVirtualMachines/1.6.0.jdk/Contents/Classes/charsets.jar" />
    <property name="ivy.conf.dir" value="jar:file:/Users/atin/Dropbox/Navigation/osmosis/trunk.orig/build-support/ivy/ivy-2.1.0.jar!/org/apache/ivy/core/settings" />
    <property name="ivy.retrieve.pattern" value="/Users/atin/Dropbox/Navigation/osmosis/trunk.orig/core/lib/[artifact]-[revision](-[classifier]).[ext]" />
    <property name="ant.file.type.Osmosis.Build.Ivy.Base" value="file" />
    <property name="user.country" value="US" />
    <property name="ivy.shared.default.root" value="/Users/atin/Dropbox/Navigation/osmosis/trunk.orig/build-support/repo" />
    <property name="java.version.ivy.instance" value="1.6.0_26" />
    <property name="ivy.resolved.file" value="/Users/atin/Dropbox/Navigation/osmosis/trunk.orig/core/ivy.xml" />
    <property name="db.pgsql.authfile" value="/Users/atin/Dropbox/Navigation/osmosis/trunk.orig/core/test/data/input/v0_6/pgsql-authfile.txt" />
    <property name="dependency.version.ivy" value="2.1.0" />
    <property name="os.arch.ivy.instance" value="x86_64" />
    <property name="java.vendor" value="Apple Inc." />
    <property name="ivy.project.dir" value="/Users/atin/Dropbox/Navigation/osmosis/trunk.orig/core" />
    <property name="dependency.version.jpf" value="1.5" />
    <property name="awt.nativeDoubleBuffering" value="true" />
    <property name="java.specification.version" value="1.6" />
    <property name="ivy.buildlist.ivyfilepath" value="ivy.xml" />
    <property name="sun.arch.data.model" value="64" />
  </properties>
  <testcase classname="org.openstreetmap.osmosis.core.mysql.common.TileCalculatorTest" name="test" time="0.0010" />
  <system-out><![CDATA[]]></system-out>
  <system-err><![CDATA[]]></system-err>
</testsuite>
